200908_1 百家讲坛 2009年 第243期 is done 
200908_1 百家讲坛 2009年 第242期 is done 
200908_1 百家讲坛 2009年 第241期 is done 
200908_1 百家讲坛 2009年 第240期 is done 
200908_1 百家讲坛经典 明十七帝疑案（四）朱元璋惩贪三大案 is done 
200908_1 百家讲坛 2009年 第239期 is done 
200908_1 百家讲坛 2009年 第238期 is done 
200908_1 两宋风云（二十二）顺昌大捷 is done 
200908_1 百家讲坛 2009年 第236期 is done 
200908_1 百家讲坛 2009年 第237期 is done 
200908_1 百家讲坛 2009年 第235期 is done 
200908_1 百家讲坛 2009年 第233期 is done 
200908_1 百家讲坛 2009年 第232期 is done 
200908_1 百家讲坛经典 明十七帝疑案之朱棣（四）治国之谜 is done 
200908_1 金戈铁马辛弃疾（六）道义情深 is done 
200908_1 百家讲坛经典 正说和珅（四）嘉庆杀和珅之谜 is done 
200908_1 百家讲坛经典 明十七帝疑案之朱棣（四）治国之谜 is done 
200908_1 百家讲坛经典 正说和珅（二）敛财之谜 is done 
200908_1 百家讲坛经典 正说和珅（三）乾隆不杀之谜 is done 
200908_1 两宋风云（十八）君臣反目 is done 
200908_2 解读《三字经》 35 is done 
200908_2 釜底抽薪 is done 
200908_2 百家讲坛经典 明十七帝疑案（五）朱元璋之胡蓝冤狱 is done 
200908_2 百家讲坛经典 明十七帝疑案（六）朱元璋的后宫 is done 
200908_2 百家讲坛经典 正说清朝二十四臣之鳌拜（六）康熙智擒鳌拜之谜 is done 
200908_2 百家讲坛经典 明亡清兴六十年（四十六）英雄家世 is done 
200908_2 金戈铁马辛弃疾 （五）贪酷疑案 is done 
200908_2 金戈铁马辛弃疾（四）建军风波 is done 
200908_2 百家讲坛经典 明十七帝疑案之朱棣（二）直捣南京之谜 is done 
200908_2 金戈铁马辛弃疾（二）政坛新星 is done 
200908_2 金戈铁马辛弃疾 （三）铁腕平乱 is done 
200908_2 百家讲坛经典 明十七帝疑案之朱元璋（二）成功之谜 is done 
200908_2 金戈铁马辛弃疾 （一） 少年英雄 is done 
200908_2 百家讲坛经典 正说和珅（一）发迹之谜 is done 
200908_2 两宋风云 （二十九） 宋金再战 is done 
200908_2 两宋风云（三十）高宗禅位 is done 
200908_2 百家讲坛经典 明十七帝疑案之朱棣（六）后宫之谜 is done 
200908_2 百家讲坛经典 明十七帝疑案之朱棣（五）迁都北京之谜 is done 
200908_2 百家讲坛经典 郑和下西洋（上） is done 
200908_2 百家讲坛经典 郑和下西洋（下） is done 
200908_3 百家讲坛经典 明十七帝疑案之朱棣（一）起兵谋反之谜 is done 
200908_3 百家讲坛经典 明十七帝疑案之朱棣（三）篡位之谜 is done 
200908_3 两宋风云（二十八）金国易主 is done 
200908_3 两宋风云（二十四）死里逃生 is done 
200908_3 两宋风云 （二十七）奸相秦桧 is done 
200908_3 两宋风云（二十六）宋金和议 is done 
200908_3 两宋风云 （二十五）岳飞之死 is done 
200908_3 两宋风云 二十三 功亏一篑 is done 
200908_3 百家讲坛经典 明亡清兴六十年（四）成梁守辽 is done 
200908_3 百家讲坛经典 明亡清兴六十年（六）辽事初起 is done 
200908_3 百家讲坛经典 明亡清兴六十年（五）满洲兴起 is done 
200908_3 百家讲坛经典 郑渊洁 2008-08-15 is done 
200908_3 端午惊魂 is done 
200909_1 百家讲坛经典 明亡清兴六十年（三十三）祖大寿降清 is done 
200909_1 百家讲坛经典 明亡清兴六十年（三十五）松锦大战 is done 
200909_1 百家讲坛经典 明亡清兴六十年（三十六）洪承畴降清 is done 
200909_1 百家讲坛经典 明亡清兴六十年（三十八）多尔衮摄政 is done 
200909_1 百家讲坛经典 明亡清兴六十年（三十七）中原悲歌 is done 
200909_1 百家讲坛经典 明亡清兴六十年（三十九）太后下嫁之谜 is done 
200909_1 百家讲坛经典 明亡清兴六十年（三十）保卫北京 is done 
200909_1 百家讲坛经典 明亡清兴六十年（三十一）袁崇焕落狱 is done 
200909_1 百家讲坛经典 明亡清兴六十年（三十二）袁崇焕冤死之谜 is done 
200909_1 百家讲坛经典 明亡清兴六十年（三十四）建立大清 is done 
200909_1 百家讲坛 2009年 第270期 is done 
200909_1 百家讲坛 2009-年 第270期 is done 
200909_1 解读《三字经》38 is done 
200909_1 百家讲坛 2009年 第269期 is done 
200909_1 百家讲坛 2009年 第268期 is done 
200909_1 百家讲坛经典 明亡清兴六十年（二十八）尚方宝剑 is done 
200909_1 百家讲坛经典 明亡清兴六十年（二十九）北京危机 is done 
200909_1 百家讲坛经典 明亡清兴六十年（二十四）崇祯登极 is done 
200909_1 百家讲坛经典 明亡清兴六十年（二十三）愤然辞职 is done 
200909_1 百家讲坛经典 明亡清兴六十年（二十五）重掌帅印 is done 
200909_2 百家讲坛经典 明亡清兴六十年（二十六）皇太极新政 is done 
200909_2 百家讲坛经典 明亡清兴六十年（二十七）突发事件 is done 
200909_2 百家讲坛经典 明亡清兴六十年（十六）帝师督辽 is done 
200909_2 百家讲坛经典 明亡清兴六十年（十八）觉华岛之战 is done 
200909_2 百家讲坛经典 明亡清兴六十年（十五）营筑宁远 is done 
200909_2 百家讲坛经典 明亡清兴六十年（十七）宁远大捷 is done 
200909_2 百家讲坛经典 明亡清兴六十年（十九）努尔哈赤之死 is done 
200909_2 百家讲坛经典 明亡清兴六十年（二十）宁锦大战（上） is done 
200909_2 百家讲坛经典 明亡清兴六十年（二十一）宁锦大战（下） is done 
200909_2 百家讲坛 2009年 第266期 is done 
200909_2 两宋风云（二十）宋金谈判 is done 
200909_2 百家讲坛 2009年 第264期 is done 
200909_2 百家讲坛 2009年 第263期 is done 
200909_2 百家讲坛 2009年 第262期 is done 
200909_2 百家讲坛 2009年 第249期 is done 
200909_2 百家讲坛 2009年 第250期 is done 
200909_2 百家讲坛 2009年 第251期 is done 
200909_2 百家讲坛经典 明亡清兴六十年（十四）单骑阅塞 is done 
200909_2 百家讲坛 2009年 第252期 is done 
200909_2 百家讲坛 2009年 第261期 is done 
200909_3 百家讲坛 2009年 第253期 is done 
200909_3 百家讲坛 2009年 第254期 is done 
200909_3 百家讲坛 2009年 第255期 is done 
200909_3 百家讲坛 2009年 第256期 is done 
200909_3 百家讲坛 2009年 第257期 is done 
200909_3 百家讲坛 2009年 第258期 is done 
200909_3 百家讲坛 2009年 第259期 is done 
200909_3 百家讲坛 2009年 第260期 is done 
200909_3 两宋风云 （二十一）战端再起 is done 
200909_3 百家讲坛 2009年 第246期 is done 
200909_3 百家讲坛经典 刘心武揭秘红楼梦（十八）贾元春死亡之谜 is done 
200910_1 风雨张居正（八）妙计初安天下 is done 
200910_1 百家讲坛 2009年 第271期 is done 
200910_1 巩固帝位 is done 
200910_1 二世诈立 is done 
200910_1 李斯变节 is done 
200910_1 沙丘政变 is done 
200910_1 解读三字经 24 is done 
200910_1 白岩松“新说”鲍鹏山 is done 
200910_1 虎头狗尾 is done 
200910_1 大闹飞云浦 is done 
200910_1 再陷罗网 is done 
200910_1 重霸江湖 is done 
200910_1 施恩图报 is done 
200910_1 解读三字经 22 is done 
200910_1 牢城奇遇 is done 
200910_1 智斗孙二娘 is done 
200910_1 复仇之刀 is done 
200910_1 太岁归来 is done 
200910_1 解读三字经 21 is done 
200910_1 解读三字经 20 is done 
200910_2 叔嫂翻脸 is done 
200910_2 风雨张居正（七）是敌人还是朋友 is done 
200910_2 风雨张居正（六）决胜三字真经 is done 
200910_2 风雨张居正（五）向左走向右走 is done 
200910_2 风雨张居正（四）直面奸相严嵩 is done 
200910_2 风雨张居正（三）少年恩怨 is done 
200910_2 风雨张居正（二）天才落榜之谜 is done 
200910_2 百家讲坛 2009年 第267期 is done 
200910_2 易经的奥秘（四）何为八卦 is done 
200910_2 百家讲坛经典 正说清朝二十四臣之鳌拜（二）崛起之谜 is done 
200910_2 百家讲坛经典 正说清朝二十四臣之鳌拜（三）登上权力顶峰之谜 is done 
200910_2 百家讲坛经典 明亡清兴六十年（四十五）明亡清兴之鉴（下） is done 
200910_2 百家讲坛经典 正说清朝二十四臣之鳌拜（一）家世之谜 is done 
200910_2 百家讲坛经典 明亡清兴六十年（四十四）明亡清兴之鉴（上） is done 
200910_2 百家讲坛经典 明亡清兴六十年（四十一）吴三桂降清 is done 
200910_2 百家讲坛经典 明亡清兴六十年（四十二）山海关大战 is done 
200910_2 百家讲坛经典 明亡清兴六十年（四十）李自成进京 is done 
200910_2 百家讲坛经典 明亡清兴六十年（四十三）顺治迁都 is done 
200911_1 回首开国大典（五）：空中传奇 is done 
200911_1 百家讲坛 2009年 第273期 is done 
200911_1 百家讲坛 2009年 第272期 is done 
200911_1 苦命皇帝咸丰（六）铁腕能臣 is done 
200911_1 苦命皇帝咸丰（五） 兄弟反目 is done 
200911_1 风雨张居正（十五）神奇的考成法 is done 
200911_1 百家讲坛 2009年 第265期 is done 
200911_1 百家讲坛经典 揭秘红楼梦（二十二）妙玉情爱之谜 is done 
200911_1 易经的奥秘（九）解读乾卦 is done 
200911_1 苗刘兵变 宋高宗退位 is done 
200911_1 新解三十六计 之 擒贼擒王 is done 
200911_1 荆轲刺秦王 is done 
200911_1 唐高宗真相（4）永徽疑案 is done 
200911_1 百家讲坛 2008年 第169期 白蛇传奇《赠银成亲》 is done 
200911_1 易经的奥秘（八）卦有何用 is done 
200911_1 班墨传奇（二）认识墨子 is done 
200911_1 风雨张居正（二十三）其实不想走 is done 
200911_1 风雨张居正（十四）弃用海瑞之谜 is done 
200911_1 风雨张居正（十二）宰相与太后关系之谜 is done 
200911_1 易经的奥秘（十四）卦的象数理 is done 
200911_2 易经的奥秘（十三）易经与家庭 is done 
200911_2 易经的奥秘（十一）乾坤人生 is done 
200911_2 易经的奥秘（七）善易不卜 is done 
200911_2 易经的奥秘（六）易有三义 is done 
200911_2 百家讲坛 2009年 第316期 is done 
200911_2 百家讲坛 2009年 第315期 is done 
200911_2 百家讲坛 2009年 第314期 is done 
200911_2 风雨张居正（二十四）抄家的噩梦 is done 
200911_2 风雨张居正（二十二）君臣辩论赛 is done 
200911_2 风雨张居正（二十一）铁面查真相 is done 
200911_2 风雨张居正（二十）突如其来的官场风暴 is done 
200911_2 风雨张居正（十七）奇招化解矛盾 is done 
200911_2 风雨张居正（十八）大明万里长城 is done 
200911_2 风雨张居正（十六）背后射来的冷箭 is done 
200911_2 风雨张居正（十三）紫禁城里的意外 is done 
200911_2 风雨张居正（十一）谎言与真相 is done 
200911_2 风雨张居正（十）可疑的勾结 is done 
200911_2 风雨张居正（一）最失败的教育 is done 
200911_2 易经的奥秘（三）何为太极 is done 
200911_2 易经的奥秘（二）何为阴阳 is done 
200911_3 易经的奥秘（一） 何为易经 is done 
200911_3 百家讲坛 2009年 第268期 is done 
200911_3 百家讲坛经典 揭秘红楼梦（二十三）妙玉结局大揭秘 is done 
200911_3 百家讲坛经典 刘心武揭秘红楼梦（二十一）妙玉身份之谜 is done 
200911_3 解读三字经 （2） is done 
200911_3 金戈铁马辛弃疾（八）词坛飞将 is done 
200911_3 百家讲坛经典 刘心武揭秘《红楼梦》（三）贾府婚配之谜 is done 
200911_3 百家讲坛 2008年 第168期 白蛇传奇《西湖寻夫》 is done 
200911_3 宦官掌兵 is done 
200911_3 康王赵构 is done 
200911_3 赵构继统 is done 
200911_3 君臣对决 is done 
200911_3 百家讲坛 2008年 第171期 白蛇传奇《水漫金山》 is done 
200911_3 晚清青花 is done 
200911_3 两宋风云（十六）伪齐灭亡 is done 
200911_3 百家讲坛经典 明亡清兴六十年（一）袁崇焕之死 is done 
200911_3 两宋风云（十五）傀儡刘豫 is done 
200911_3 精忠岳飞 is done 
200911_3 两宋风云（十三）吴玠守蜀 is done 
200911_4 韩五破金 is done 
200911_4 嘉万青花 is done 
200911_4 奸相辅政 is done 
200911_4 徽宗即位 is done 
200911_4 两宋风云（十七） 中兴四将 is done 
200911_4 靖康之变 is done 
200911_4 风流天子 is done 
200911_4 书生抗金 is done 
200911_4 苦命皇帝咸丰（四）慈禧入宫 is done 
200911_4 苦命皇帝咸丰（四）慈禧入宫 is done 
200911_4 苦命皇帝咸丰（二）连丧重臣 is done 
200911_4 苦命皇帝咸丰（一）谁是太子 is done 
200911_4 回首开国大典（二）时代最强音 is done 
200911_4 百家讲坛 2009年 第244期 is done 
200912_1 长恨歌之盛世危情（五）二相登台 is done 
200912_1 长恨歌之盛世危情（四）宰相纷争 is done 
200912_1 长恨歌之开元盛世（六）二虎相争 is done 
200912_1 长恨歌之开元盛世（七）牛刀小试 is done 
200912_1 长恨歌之开元盛世（八） 封禅大典 is done 
200912_1 长恨歌之开元盛世（五）张说复出 is done 
200912_1 长恨歌之开元盛世（四）君明臣贤 is done 
200912_1 长恨歌之玄宗出世（七）荣登大宝 is done 
200912_1 长恨歌之开元盛世（一）姚崇新政 is done 
200912_1 长恨歌之玄宗出世（八）巅峰对决 is done 
200912_1 长恨歌之开元盛世（三）宋璟守正 is done 
200912_1 长恨歌之玄宗出世（十） 稳定皇位 is done 
200912_1 解读三字经 15 is done 
200912_1 百家讲坛 2009年 第245期 is done 
200912_1 百家讲坛经典 刘心武揭秘红楼梦（九）日月双悬之谜 is done 
200912_1 长恨歌之开元盛世（二）姚崇罢相 is done 
200912_1 长恨歌之玄宗出世（六）太子监国 is done 
200912_1 长恨歌之玄宗出世（五）诛杀韦后 is done 
200912_1 长恨歌之玄宗出世（四）异军突起 is done 
200912_1 风雨张居正（九）宰相打架事件 is done 
200912_2 百家讲坛 2009年 第248期 is done 
200912_2 回首开国大典（一）国旗飘飘 is done 
200912_2 长恨歌之玄宗出世（三）因祸得福 is done 
200912_2 易经的奥秘（十）解读坤卦 is done 
200912_2 苦命皇帝咸丰（三）曾国藩起兵 is done 
200912_2 长恨歌之玄宗出世（二）忧患王子 is done 
200912_2 伶界大王谭鑫培（三）壮烈暮年 is done 
200912_2 长恨歌之玄宗出世（一）天子风流 is done 
200912_2 伶界大王谭鑫培（二）独占鳌头 is done 
200912_2 伶界大王谭鑫培（一）天才坎坷 is done 
200912_2 班墨传奇（三）攻守之间 is done 
200912_2 班墨传奇（一）冤家朋友 is done 
200912_2 风雨张居正（二十五）世上奇男子 is done 
200912_2 易经的奥秘 （一） 何为易经 is done 
200912_2 百家讲坛经典 明亡清兴六十年（十三）传首九边 is done 
200912_2 百家讲坛经典 明亡清兴六十年（十二）广宁迎降 is done 
200912_2 百家讲坛经典 明亡清兴六十年（九）明宫三案 is done 
200912_2 百家讲坛经典 明亡清兴六十年（十）沈阳失守 is done 
200912_2 百家讲坛经典 明亡清兴六十年（七）萨尔浒大败 is done 
200912_2 百家讲坛经典 明亡清兴六十年（十一）辽阳陷落 is done 
200912_3 百家讲坛经典 明亡清兴六十年（八）开铁失守 is done 
200912_3 百家讲坛经典 明亡清兴六十年（二）万历怠政 is done 
200912_3 百家讲坛经典 明亡清兴六十年（三）朝政危机 is done 
200912_3 易经的奥秘（五）八卦成图 is done 
200912_3 苦命皇帝咸丰（七）科场第一案 is done 
200912_3 苦命皇帝咸丰（九） 叔嫂通谋 is done 
200912_3 易经的奥秘（十二）破解命运 is done 
200912_3 苦命皇帝咸丰（八）命丧热河 is done 
200912_3 回首开国大典（五）齐聚北平 is done 
200912_3 回首开国大典（四）大典前夜 is done 
200912_3 两宋风云 （十九）淮西军变 is done 
200912_3 回首开国大典（六）历史时刻 is done 
201001_1 唐宋八大家之韩愈（五）敢向皇帝说不 is done 
201001_1 唐宋八大家之韩愈（四）沙场初点兵 is done 
201001_1 唐宋八大家之韩愈（三）敢问路在何方 is done 
201001_1 唐宋八大家之韩愈（二）理想照亮现实 is done 
201001_1 唐宋八大家之韩愈（一）考试进行时 is done 
201001_1 白居易（七）知足常乐 is done 
201001_1 白居易（五）相濡以沫 is done 
201001_1 白居易（四）宦海沉浮 is done 
201001_1 白居易（三）铮铮铁骨 is done 
201001_1 白居易（二）爱情悲歌 is done 
201001_1 白居易（一）少年成名 is done 
201001_1 长恨歌之长恨悲歌（七）玄宗之死 is done 
201001_1 长恨歌之长恨悲歌（六）玄宗退位 is done 
201001_1 长恨歌之长恨悲歌（五）马嵬之变 is done 
201001_1 长恨歌之长恨悲歌（四）潼关失守 is done 
201001_1 长恨歌之长恨悲歌（三）范阳起兵 is done 
201001_1 长恨歌之玄宗出世（九）姚崇拜相 is done 
201001_1 长恨歌之盛世危情（三）宠臣兴衰 is done 
201001_1 长恨歌之长恨悲歌（二）君臣误国 is done 
201001_1 长恨歌之长恨悲歌（一）宠幸禄山 is done 
201001_2 长恨歌之物华天宝（八）醉生梦死 is done 
201001_2 长恨歌之盛世危情（六）宰相斗法 is done 
201001_2 长恨歌之盛世危情（七）太子风波 is done 
201001_2 长恨歌之物华天宝（七）李林甫之死 is done 
201001_2 长恨歌之物华天宝（一）天宝繁华 is done 
201001_2 长恨歌之物华天宝（五）宰相弄权 is done 
201001_2 长恨歌之物华天宝（三）六宫专宠 is done 
201001_2 长恨歌之物华天宝（四）文士风流 is done 
201001_2 长恨歌之盛世危情（二）后位之争 is done 
201001_2 长恨歌之物华天宝（六）杨国忠发迹 is done 
201001_2 长恨歌之物华天宝（二）父纳子妻 is done 
201002_1 千古中医故事（三）《扁鹊》之诊病圣手 is done 
201002_1 孔子是怎样炼成的（十三）圣人的境界 is done 
201002_1 千古中医故事（一）《华佗》之神医传奇 is done 
201002_1 百家讲坛 期 is done 
201002_1 商鞅变法 is done 
201002_1 千古中医故事（二）《华佗》之华佗之死 is done 
201002_1 康熙陵寝劫难之谜 is done 
201002_1 穆公东扩 is done 
201002_1 赵姬之乱 is done 
201002_1 兵临城下 is done 
201002_1 赵武灵王 is done 
201002_1 随机应变 is done 
201002_1 威风八面 is done 
201002_1 重俊政变 is done 
201002_1 中宗之死 is done 
201002_1 唐隆政变 is done 
201002_1 集权皇帝 is done 
201002_1 大意留祸根 is done 
201002_1 以诚取信 is done 
201002_1 为富要仁 is done 
201002_2 诗歌唐朝（二）诗抒胸怀 is done 
201002_2 道光陵寝建造之谜 is done 
201002_2 京剧大师程砚秋（二）德艺双馨 is done 
201002_2 师生情缘 is done 
201002_2 谁是好学生 is done 
201002_2 难说再见 is done 
201002_2 解读《三字经》 30 is done 
201002_2 孔子是怎样炼成的（三）三十而立 is done 
201002_2 解读三字经 11 is done 
201002_2 再说法家 is done 
201002_2 突出重围 is done 
201002_2 出征前夜 is done 
200912_3 两宋风云 （十九）淮西军变 is done 
201002_2 雪山草地 is done 
201002_2 道光陵寝废弃之谜 is done 
201002_2 儒道是非 is done 
201002_2 谋士的哲学 is done 
201002_2 康熙陵寝陪葬之谜 is done 
201002_2 解读《三字经》 25 is done 
201002_2 连横魏国 is done 
201002_2 破解幸福密码（五）悲伤的历程 is done 
201002_3 百家讲坛经典 对话阎崇年 is done 
201002_3 破解幸福密码（三）人人有自卑 is done 
201002_3 唐宋八大家之柳宗元（七）与大自然对话 is done 
201002_3 破解幸福密码（二）什么是幸福 is done 
201002_3 破解幸福密码（一）为自己鼓掌 is done 
201002_3 易经的奥秘（五）八卦成图 is done 
201002_3 唐宋八大家之柳宗元（六）小人物 大道理 is done 
201002_3 唐宋八大家之柳宗元（五）动物开口会说话 is done 
201002_3 唐宋八大家之柳宗元（四）破解一道无解之题 is done 
201002_3 唐宋八大家之柳宗元（三）世家子弟的难言之隐 is done 
201002_3 唐宋八大家之柳宗元（二）朋友一生一起走 is done 
201002_3 唐宋八大家之柳宗元（一）一步登天 还是一步登空 is done 
201002_3 唐宋八大家之韩愈（六）一介书生 单刀赴会 is done 
201003_1 冷静收残局 is done 
201003_1 名相管仲（三）暗藏锋芒 is done 
201003_1 传奇紫砂壶（三） 壶中有乾坤 is done 
201003_1 传奇紫砂壶（一） 慧眼看紫砂 is done 
201003_1 传奇紫砂壶（四） 紫砂壶王 is done 
201003_1 传奇紫砂壶（二） 神秘紫砂壶 is done 
201003_1 王立群读史记（三十六） 千秋功过 is done 
201003_1 王立群读史记（三十五） 临终托孤 is done 
201003_1 说聊斋 自食便液韦公子 is done 
201003_1 王立群读史记（三十四） 巫蛊之祸 is done 
201003_1 王立群读史记（三十三） 太子失宠 is done 
201003_1 王立群读史记（三十二） 宠信江充 is done 
201003_1 王立群读史记（三十一） 万石之家 is done 
201003_1 王立群读史记（三十） 一代将星 is done 
201003_1 王立群读史记（二十九） 庐山真面 is done 
201003_1 王立群读史记（二十八） 另类奇才 is done 
201003_1 王立群读史记（二十七） 一错再错 is done 
201003_1 王立群读史记（二十六） 皇室恩怨 is done 
201003_1 王立群读史记（二十五） 淮南大案 is done 
201003_1 王立群读史记（二十四） 童言无忌 is done 
201003_2 王立群读史记（二十三） 以死杀人 is done 
201003_2 王立群读史记（二十一） 琴挑文君 is done 
201003_2 王立群读史记（二十） 借刀杀人 is done 
201003_2 王立群读史记（十九） 煽风点火 is done 
201003_2 王立群读史记（十八） 公孙丞相 is done 
201003_2 王立群读史记（十七） 李广难封 is done 
201003_2 王立群读史记（十五） 阿娇失势 is done 
201003_2 王立群读史记（十四） 马邑之谋 is done 
201003_2 王立群读史记（十三） 汉匈交兵 is done 
201003_2 王立群读史记（十二） 窦婴之死 is done 
201003_2 王立群读史记（十一） 田窦交恶 is done 
201003_2 王立群读史记（十） 太后干政 is done 
201003_2 王立群读史记（九） 窦婴为相 is done 
201003_2 王立群读史记（八） 董生对策 is done 
201003_2 王立群读史记（七） 平安太子 is done 
201003_2 王立群读史记（四） 储君之争 is done 
201003_2 王立群读史记（五） 继位太子 is done 
201003_2 王立群读史记（六） 景帝清障 is done 
201003_2 传奇紫砂壶 （一） 慧眼看紫砂 is done 
201003_2 王立群读史记（三） 立储风波 is done 
201003_3 王立群读史记（二） 宫闱角逐 is done 
201003_3 王立群读史记（一） 史家绝唱 is done 
201003_3 是非人生 is done 
201003_3 李清照（十） 一代词宗 is done 
201003_3 李清照（九） 夕阳岁月 is done 
201003_3 李清照（八） 再嫁婚变 is done 
201003_3 李清照（七） 颠沛流离 is done 
201003_3 李清照（六） 雪上加霜 is done 
201003_3 李清照（三） 喜忧参半 is done 
201003_3 李清照（五） 国难当头 is done 
201003_3 李清照（四） 风波再起 is done 
201003_3 李清照（二） 门当户对 is done 
201003_3 李清照（一） 书香才女 is done 
201003_3 名相管仲（二）君臣斗法 is done 
201003_3 说聊斋 飞上枝头做凤凰 is done 
201003_3 说聊斋 向杲化虎好壮士 is done 
201003_3 说聊斋 懒汉致富说王成 is done 
201003_3 说聊斋 悲戚赴难田七郎 is done 
201003_3 说聊斋 女扮男装奇巾帼 is done 
201003_3 说聊斋 人生启蒙看书痴 is done 
201003_4 说聊斋 独撑家业说细柳 is done 
201003_4 说聊斋 挣脱牢笼云翠仙 is done 
201003_4 说聊斋 惊世骇俗说细侯 is done 
201003_4 说聊斋 花妖 is done 
201003_4 说聊斋 聊斋志异种的女性（上） is done 
201003_4 说聊斋 聊斋志异中的女性（下） is done 
201003_4 说聊斋 鬼（下） is done 
201003_4 说聊斋 鬼（上） is done 
201003_4 说聊斋 狐狸精（下） is done 
201003_4 说聊斋 狐狸精（上） is done 
201003_4 说聊斋 精灵 is done 
201003_4 说聊斋 梦 is done 
201003_4 说聊斋 仙境 is done 
201003_4 说聊斋 人鬼情未了 is done 
201003_4 说聊斋 “苦行僧”蒲松龄 is done 
201003_4 说聊斋 刺贪刺虐话聊斋 is done 
201003_4 说聊斋 神鬼妖狐的魅力 is done 
201003_4 莺莺身份之谜 is done 
201003_4 元稹公开情书之谜 is done 
201003_4 张生身份之谜 is done 
201003_5 西厢原型《莺莺传》 上 is done 
201003_5 西厢原型《莺莺传》 下 is done 
201003_5 莫名其妙赵姨娘 is done 
201003_5 晴雯之死与袭人之冤 is done 
201003_5 《红楼梦》里的坏男人 is done 
201003_5 《红楼梦》里的大丫头 is done 
201003_5 穿针引线刘姥姥 is done 
201003_5 《红楼梦》里的小人物 is done 
201003_5 正说纪晓岚（九） 纪晓岚辅助嘉庆登极之谜 is done 
201003_5 正说纪晓岚（八） 纪晓岚编纂《四库全书》之谜 is done 
201003_5 正说纪晓岚（七） 纪晓岚与和珅关系之谜 is done 
201003_5 正说纪晓岚（六） 纪晓岚”竹苞“之谜 is done 
201003_5 正说纪晓岚（五） 纪晓岚相貌之谜 is done 
201003_5 正说纪晓岚（四） 纪晓岚发配新疆之谜 下 is done 
201003_5 正说纪晓岚（三） 纪晓岚发配新疆之谜 上 is done 
201003_5 正说纪晓岚（二） 纪晓岚的入仕之谜 is done 
201003_5 正说纪晓岚（一） 纪晓岚身世及特异功能之谜 is done 
201003_5 名相管仲（一）一箭之仇 is done 
201003_5 《红楼梦》八十回后真故事（十七）《红楼梦》八十回后回目之谜（下） is done 
201003_5 爱情喜剧《西厢记》（一） 老夫人毁约之谜 is done 
201003_6 爱情喜剧《西厢记》（三） 莺莺命运之谜 is done 
201003_6 爱情喜剧《西厢记》（二） 红娘的连环套 is done 
201003_6 奥林匹克与古希腊神话 is done 
201003_6 英雄史诗—特洛伊 is done 
201003_6 明朝第十七帝之谜 is done 
201003_6 明朝的国号之谜 is done 
201003_6 《红楼梦》八十回后真故事（十六）《红楼梦》八十回后回目之谜（中） is done 
201003_6 朱元璋成功之谜 is done 
201003_6 洪武重典之谜 is done 
201003_6 正说吴三桂（六） 吴三桂之死 is done 
201003_6 正说吴三桂（五） 一叛再叛之谜 is done 
201003_6 正说吴三桂（四） 吴三桂与绝代佳人陈圆圆 is done 
201003_6 正说吴三桂（三） 勤王之谜 is done 
201003_6 正说吴三桂（二） 崛起之谜 is done 
201003_6 正说吴三桂（一） 相貌与身世之谜 is done 
201003_6 慈禧（二十七）慈禧大葬 is done 
201003_6 慈禧（二十六）光绪之死 is done 
201003_6 慈禧（二十五）珍妃之死 is done 
201003_6 慈禧（二十四）废帝风波 is done 
201003_6 慈禧（二十三）母子反目 is done 
